[debug] [2023-06-14T20:36:20.772Z] ----------------------------------------------------------------------
[debug] [2023-06-14T20:36:20.774Z] Command:       C:\Program Files\nodejs\node.exe C:\Users\jhona\AppData\Roaming\npm\node_modules\firebase-tools\lib\bin\firebase.js init
[debug] [2023-06-14T20:36:20.774Z] CLI Version:   12.3.1
[debug] [2023-06-14T20:36:20.774Z] Platform:      win32
[debug] [2023-06-14T20:36:20.774Z] Node Version:  v18.16.0
[debug] [2023-06-14T20:36:20.775Z] Time:          Wed Jun 14 2023 17:36:20 GMT-0300 (Horário Padrão de Brasília)
[debug] [2023-06-14T20:36:20.775Z] ----------------------------------------------------------------------
[debug] 
[debug] [2023-06-14T20:36:20.781Z] > command requires scopes: ["email","openid","https://www.googleapis.com/auth/cloudplatformprojects.readonly","https://www.googleapis.com/auth/firebase","https://www.googleapis.com/auth/cloud-platform"]
[debug] [2023-06-14T20:36:20.782Z] > authorizing via signed-in user (ookiisoftware@gmail.com)
[info] 
     ######## #### ########  ######## ########     ###     ######  ########
     ##        ##  ##     ## ##       ##     ##  ##   ##  ##       ##
     ######    ##  ########  ######   ########  #########  ######  ######
     ##        ##  ##    ##  ##       ##     ## ##     ##       ## ##
     ##       #### ##     ## ######## ########  ##     ##  ######  ########

You're about to initialize a Firebase project in this directory:

  D:\Node\ProPay

[info] 
=== Project Setup
[info] 
[info] First, let's associate this project directory with a Firebase project.
[info] You can create multiple project aliases by running firebase use --add, 
[info] but for now we'll just set up a default project.
[info] 
[debug] [2023-06-14T20:36:27.102Z] >>> [apiv2][query] GET https://firebase.googleapis.com/v1beta1/projects pageSize=100
[debug] [2023-06-14T20:36:30.483Z] <<< [apiv2][status] GET https://firebase.googleapis.com/v1beta1/projects 200
[debug] [2023-06-14T20:36:30.483Z] <<< [apiv2][body] GET https://firebase.googleapis.com/v1beta1/projects [omitted]
[info] i  Using project propay-oki (propay-oki) 
[info] 
=== Hosting Setup
[info] 
[info] Your public directory is the folder (relative to your project directory) that
[info] will contain Hosting assets to be uploaded with firebase deploy. If you
[info] have a build process for your assets, use your build's output directory.
[info] 
[debug] [2023-06-14T20:36:55.645Z] >>> [apiv2][query] GET https://www.gstatic.com/firebasejs/releases.json [none]
[debug] [2023-06-14T20:36:55.962Z] <<< [apiv2][status] GET https://www.gstatic.com/firebasejs/releases.json 200
[debug] [2023-06-14T20:36:55.963Z] <<< [apiv2][body] GET https://www.gstatic.com/firebasejs/releases.json {"current":{"version":"9.22.2","browserURL":"https://www.gstatic.com/firebasejs/9.22.2/firebase.js","packageURL":"https://www.gstatic.com/firebasejs/9.22.2/firebase.tgz"},"live":{"version":"9.22","browserURL":"https://www.gstatic.com/firebasejs/live/9.22/firebase.js","packageURL":"https://www.gstatic.com/firebasejs/live/9.22/firebase.tgz"},"components":{"analytics":"https://www.gstatic.com/firebasejs/9.22.2/firebase-analytics.js","app":"https://www.gstatic.com/firebasejs/9.22.2/firebase-app.js","app-check":"https://www.gstatic.com/firebasejs/9.22.2/firebase-app-check.js","auth":"https://www.gstatic.com/firebasejs/9.22.2/firebase-auth.js","auth/cordova":"https://www.gstatic.com/firebasejs/9.22.2/firebase-auth/cordova.js","auth/react-native":"https://www.gstatic.com/firebasejs/9.22.2/firebase-auth/react-native.js","functions":"https://www.gstatic.com/firebasejs/9.22.2/firebase-functions.js","firestore":"https://www.gstatic.com/firebasejs/9.22.2/firebase-firestore.js","firestore/lite":"https://www.gstatic.com/firebasejs/9.22.2/firebase-firestore/lite.js","installations":"https://www.gstatic.com/firebasejs/9.22.2/firebase-installations.js","storage":"https://www.gstatic.com/firebasejs/9.22.2/firebase-storage.js","performance":"https://www.gstatic.com/firebasejs/9.22.2/firebase-performance.js","remote-config":"https://www.gstatic.com/firebasejs/9.22.2/firebase-remote-config.js","messaging":"https://www.gstatic.com/firebasejs/9.22.2/firebase-messaging.js","messaging/sw":"https://www.gstatic.com/firebasejs/9.22.2/firebase-messaging/sw.js","database":"https://www.gstatic.com/firebasejs/9.22.2/firebase-database.js","firestore.memory":"https://www.gstatic.com/firebasejs/9.22.2/firebase-firestore.memory.js"}}
[info] +  Wrote public/index.html 
[info] 
[info] i  Didn't detect a .git folder. Assuming D:\Node\ProPay is the project root. 
[info] i  Authorizing with GitHub to upload your service account to a GitHub repository's secrets store. 
[info] 
[info] Visit this URL on this device to log in:
[info] https://github.com/login/oauth/authorize?client_id=89cf50f02ac6aaed3484&state=649415743&redirect_uri=http%3A%2F%2Flocalhost%3A9005&scope=read%3Auser%20repo%20public_repo
[info] 
[info] Waiting for authentication...
[debug] [2023-06-14T20:37:21.192Z] >>> [apiv2][query] POST https://github.com/login/oauth/access_token [none]
[debug] [2023-06-14T20:37:21.192Z] >>> [apiv2][body] POST https://github.com/login/oauth/access_token [stream]
[debug] [2023-06-14T20:37:21.582Z] <<< [apiv2][status] POST https://github.com/login/oauth/access_token 200
[debug] [2023-06-14T20:37:21.583Z] <<< [apiv2][body] POST https://github.com/login/oauth/access_token {"access_token":"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","token_type":"bearer","scope":"read:user,repo"}
[debug] [2023-06-14T20:37:21.589Z] >>> [apiv2][query] GET https://api.github.com/user [none]
[debug] [2023-06-14T20:37:22.006Z] <<< [apiv2][status] GET https://api.github.com/user 200
[debug] [2023-06-14T20:37:22.006Z] <<< [apiv2][body] GET https://api.github.com/user {"login":"OokiiSoftware","id":57509334,"node_id":"MDQ6VXNlcjU3NTA5MzM0","avatar_url":"https://avatars.githubusercontent.com/u/57509334?v=4","gravatar_id":"","url":"https://api.github.com/users/OokiiSoftware","html_url":"https://github.com/OokiiSoftware","followers_url":"https://api.github.com/users/OokiiSoftware/followers","following_url":"https://api.github.com/users/OokiiSoftware/following{/other_user}","gists_url":"https://api.github.com/users/OokiiSoftware/gists{/gist_id}","starred_url":"https://api.github.com/users/OokiiSoftware/starred{/owner}{/repo}","subscriptions_url":"https://api.github.com/users/OokiiSoftware/subscriptions","organizations_url":"https://api.github.com/users/OokiiSoftware/orgs","repos_url":"https://api.github.com/users/OokiiSoftware/repos","events_url":"https://api.github.com/users/OokiiSoftware/events{/privacy}","received_events_url":"https://api.github.com/users/OokiiSoftware/received_events","type":"User","site_admin":false,"name":null,"company":null,"blog":"","location":null,"email":null,"hireable":null,"bio":null,"twitter_username":null,"public_repos":11,"public_gists":0,"followers":2,"following":1,"created_at":"2019-11-07T23:33:41Z","updated_at":"2023-05-16T01:24:49Z","private_gists":0,"total_private_repos":8,"owned_private_repos":8,"disk_usage":436738,"collaborators":0,"two_factor_authentication":true,"plan":{"name":"free","space":976562499,"collaborators":0,"private_repos":10000}}
[info] 
[info] +  Success! Logged into GitHub as OokiiSoftware 
[info] 
[debug] [2023-06-14T20:38:14.433Z] >>> [apiv2][query] GET https://api.github.com/repos/OokiiSoftware/propay/actions/secrets/public-key type=owner
[debug] [2023-06-14T20:38:14.815Z] <<< [apiv2][status] GET https://api.github.com/repos/OokiiSoftware/propay/actions/secrets/public-key 404
[debug] [2023-06-14T20:38:14.815Z] <<< [apiv2][body] GET https://api.github.com/repos/OokiiSoftware/propay/actions/secrets/public-key {"message":"Not Found","documentation_url":"https://docs.github.com/rest/reference/actions#get-a-repository-public-key"}
[info] 
[info] 
[error] !  The provided authorization cannot be used with this repository. If this repository is in an organization, did you remember to grant access? 
[info] 
[info] i  Action required: Visit this URL to ensure access has been granted to the appropriate organization(s) for the Firebase CLI GitHub OAuth App: 
[info] https://github.com/settings/connections/applications/89cf50f02ac6aaed3484
[info] 
[debug] [2023-06-14T20:38:51.722Z] >>> [apiv2][query] GET https://api.github.com/repos/OokiiSoftware/propay/actions/secrets/public-key type=owner
[debug] [2023-06-14T20:38:52.101Z] <<< [apiv2][status] GET https://api.github.com/repos/OokiiSoftware/propay/actions/secrets/public-key 404
[debug] [2023-06-14T20:38:52.102Z] <<< [apiv2][body] GET https://api.github.com/repos/OokiiSoftware/propay/actions/secrets/public-key {"message":"Not Found","documentation_url":"https://docs.github.com/rest/reference/actions#get-a-repository-public-key"}
[info] 
[info] 
[error] !  The provided authorization cannot be used with this repository. If this repository is in an organization, did you remember to grant access? 
[info] 
[info] i  Action required: Visit this URL to ensure access has been granted to the appropriate organization(s) for the Firebase CLI GitHub OAuth App: 
[info] https://github.com/settings/connections/applications/89cf50f02ac6aaed3484
[info] 
[debug] [2023-06-14T20:40:55.412Z] >>> [apiv2][query] GET https://api.github.com/repos/OokiiSoftware/propay/actions/secrets/public-key type=owner
[debug] [2023-06-14T20:40:55.795Z] <<< [apiv2][status] GET https://api.github.com/repos/OokiiSoftware/propay/actions/secrets/public-key 404
[debug] [2023-06-14T20:40:55.795Z] <<< [apiv2][body] GET https://api.github.com/repos/OokiiSoftware/propay/actions/secrets/public-key {"message":"Not Found","documentation_url":"https://docs.github.com/rest/reference/actions#get-a-repository-public-key"}
[info] 
[info] 
[error] !  The provided authorization cannot be used with this repository. If this repository is in an organization, did you remember to grant access? 
[info] 
[info] i  Action required: Visit this URL to ensure access has been granted to the appropriate organization(s) for the Firebase CLI GitHub OAuth App: 
[info] https://github.com/settings/connections/applications/89cf50f02ac6aaed3484
[info] 
